<?xml version="1.0" encoding="UTF-8"?>
<!-- Generated by org.testng.reporters.JUnitReportReporter -->
<testsuite hostname="DESKTOP-BEHB25P" failures="0" tests="2" name="runner.HomePageRunner" time="348.384" errors="0" timestamp="15 Aug 2023 01:27:28 GMT" skipped="0">
  <testcase classname="runner.HomePageRunner" name="runScenario" time="144.810"/>
  <testcase classname="runner.HomePageRunner" name="runScenario" time="203.574"/>
</testsuite> <!-- runner.HomePageRunner -->
