<?xml version="1.0" encoding="UTF-8"?>
<!-- Generated by org.testng.reporters.JUnitReportReporter -->
<testsuite hostname="DESKTOP-BEHB25P" failures="0" tests="1" name="runner.HomePageRunner" time="146.865" errors="0" timestamp="13 Aug 2023 18:48:24 GMT" skipped="0">
  <testcase classname="runner.HomePageRunner" name="runScenario" time="146.865"/>
</testsuite> <!-- runner.HomePageRunner -->
