<?xml version="1.0" encoding="UTF-8"?>
<!-- Generated by org.testng.reporters.JUnitReportReporter -->
<testsuite hostname="DESKTOP-BEHB25P" failures="0" tests="1" name="runner.HomePageRunner" time="178.788" errors="0" timestamp="15 Aug 2023 17:39:22 GMT" skipped="0">
  <testcase classname="runner.HomePageRunner" name="runScenario" time="178.788"/>
</testsuite> <!-- runner.HomePageRunner -->
